<?xml version="1.0" encoding="UTF-8"?>
<!-- Generated by org.testng.reporters.JUnitReportReporter -->
<testsuite hostname="WIN-QFVULB7F2O7" name="com.test.page.testcases.LionFund_01_Currency_Test" tests="2" failures="0" timestamp="13 Sep 2016 03:28:37 GMT" time="56.086" errors="1">
  <testcase name="currencyPurchaseTest" time="22.756" classname="com.test.page.testcases.LionFund_01_Currency_Test">
    <error type="org.testng.TestNGException" message="
method invoke failed:checkPurchaseResult">
      <![CDATA[org.testng.TestNGException: 
method invoke failed:checkPurchaseResult
	at com.test.keydriver.engine.DefaultExecutor.invoke(DefaultExecutor.java:50)
	at com.test.keydriver.engine.DefaultExecutor.execute(DefaultExecutor.java:35)
	at com.test.page.testcases.LionFund_01_Currency_Test.currencyPurchaseTest(LionFund_01_Currency_Test.java:31)
	at sun.reflect.NativeMethodAccessorImpl.invoke0(Native Method)
	at sun.reflect.NativeMethodAccessorImpl.invoke(NativeMethodAccessorImpl.java:57)
	at sun.reflect.DelegatingMethodAccessorImpl.invoke(DelegatingMethodAccessorImpl.java:43)
	at java.lang.reflect.Method.invoke(Method.java:606)
	at org.testng.internal.MethodInvocationHelper.invokeMethod(MethodInvocationHelper.java:85)
	at org.testng.internal.Invoker.invokeMethod(Invoker.java:639)
	at org.testng.internal.Invoker.invokeTestMethod(Invoker.java:816)
	at org.testng.internal.Invoker.invokeTestMethods(Invoker.java:1124)
	at org.testng.internal.TestMethodWorker.invokeTestMethods(TestMethodWorker.java:125)
	at org.testng.internal.TestMethodWorker.run(TestMethodWorker.java:108)
	at org.testng.TestRunner.privateRun(TestRunner.java:774)
	at org.testng.TestRunner.run(TestRunner.java:624)
	at org.testng.SuiteRunner.runTest(SuiteRunner.java:359)
	at org.testng.SuiteRunner.access$000(SuiteRunner.java:39)
	at org.testng.SuiteRunner$SuiteWorker.run(SuiteRunner.java:393)
	at org.testng.internal.thread.ThreadUtil$2.call(ThreadUtil.java:64)
	at java.util.concurrent.FutureTask.run(FutureTask.java:262)
	at java.util.concurrent.ThreadPoolExecutor.runWorker(ThreadPoolExecutor.java:1145)
	at java.util.concurrent.ThreadPoolExecutor$Worker.run(ThreadPoolExecutor.java:615)
	at java.lang.Thread.run(Thread.java:745)
Caused by: java.lang.reflect.InvocationTargetException
	at sun.reflect.NativeMethodAccessorImpl.invoke0(Native Method)
	at sun.reflect.NativeMethodAccessorImpl.invoke(NativeMethodAccessorImpl.java:57)
	at sun.reflect.DelegatingMethodAccessorImpl.invoke(DelegatingMethodAccessorImpl.java:43)
	at java.lang.reflect.Method.invoke(Method.java:606)
	at com.test.keydriver.engine.DefaultExecutor.invoke(DefaultExecutor.java:47)
	... 22 more
Caused by: java.lang.AssertionError: expected word: [充值结果] but find [现金宝充值]
	at org.testng.Assert.fail(Assert.java:94)
	at com.test.utils.page.PageHelper.isTextCorrect(PageHelper.java:63)
	at com.test.page.source.myassets.PurchaseResultPageHelper.checkPurchaseResult(PurchaseResultPageHelper.java:25)
	... 27 more
]]>
    </error>
  </testcase> <!-- currencyPurchaseTest -->
  <testcase name="currencyRedeemTest" time="33.330" classname="com.test.page.testcases.LionFund_01_Currency_Test"/>
</testsuite> <!-- com.test.page.testcases.LionFund_01_Currency_Test -->
