<html>
<head>
<title>TestNG:  search</title>
<link href="../testng.css" rel="stylesheet" type="text/css" />
<link href="../my-testng.css" rel="stylesheet" type="text/css" />

<style type="text/css">
.log { display: none;} 
.stack-trace { display: none;} 
</style>
<script type="text/javascript">
<!--
function flip(e) {
  current = e.style.display;
  if (current == 'block') {
    e.style.display = 'none';
    return 0;
  }
  else {
    e.style.display = 'block';
    return 1;
  }
}

function toggleBox(szDivId, elem, msg1, msg2)
{
  var res = -1;  if (document.getElementById) {
    res = flip(document.getElementById(szDivId));
  }
  else if (document.all) {
    // this is the way old msie versions work
    res = flip(document.all[szDivId]);
  }
  if(elem) {
    if(res == 0) elem.innerHTML = msg1; else elem.innerHTML = msg2;
  }

}

function toggleAllBoxes() {
  if (document.getElementsByTagName) {
    d = document.getElementsByTagName('div');
    for (i = 0; i < d.length; i++) {
      if (d[i].className == 'log') {
        flip(d[i]);
      }
    }
  }
}

// -->
</script>

</head>
<body>
<h2 align='center'>search</h2><table border='1' align="center">
<tr>
<td>Tests passed/Failed/Skipped:</td><td>5/4/0</td>
</tr><tr>
<td>Started on:</td><td>Mon Sep 05 11:33:05 CST 2016</td>
</tr>
<tr><td>Total time:</td><td>28 seconds (28587 ms)</td>
</tr><tr>
<td>Included groups:</td><td></td>
</tr><tr>
<td>Excluded groups:</td><td></td>
</tr>
</table><p/>
<small><i>(Hover the method name to see the test class name)</i></small><p/>
<table width='100%' border='1' class='invocation-failed'>
<tr><td colspan='4' align='center'><b>FAILED TESTS</b></td></tr>
<tr><td><b>Test method</b></td>
<td width="30%"><b>Exception</b></td>
<td width="10%"><b>Time (seconds)</b></td>
<td><b>Instance</b></td>
</tr>
<tr>
<td title='com.test.page.testcases.LionFundLoginPage_01_Login_Test.loginTest()'><b>loginTest</b><br>Test class: com.test.page.testcases.LionFundLoginPage_01_Login_Test<br>Parameters: {}<br/>
<a href="#Output-14703420" onClick='toggleBox("Output-14703420", this, "Show output", "Hide output");'>Show output</a>

<a href="#Output-14703420" onClick="toggleAllBoxes();">Show all outputs</a>
<div class='log' id="Output-14703420">
screenshot/2016_09_05_11_33_27_loginTest.jpg<br/>
<img src="./screenshot/2016_09_05_11_33_27_loginTest.jpg"/><br/>
</div>
</td>
<td><div><pre>org.testng.TestNGException: 
method invoke failed:login
	at com.test.keydriver.engine.DefaultExecutor.invoke(DefaultExecutor.java:47)
	at com.test.keydriver.engine.DefaultExecutor.execute(DefaultExecutor.java:32)
	at com.test.page.testcases.LionFundLoginPage_01_Login_Test.loginTest(LionFundLoginPage_01_Login_Test.java:16)
	at java.util.concurrent.FutureTask.run(FutureTask.java:262)
	at java.util.concurrent.ThreadPoolExecutor.runWorker(ThreadPoolExecutor.java:1145)
	at java.util.concurrent.ThreadPoolExecutor$Worker.run(ThreadPoolExecutor.java:615)
	at java.lang.Thread.run(Thread.java:745)
... Removed 16 stack frames</pre></div><a href='#' onClick='toggleBox("stack-trace14703420", this, "Click to show all stack frames", "Click to hide stack frames")'>Click to show all stack frames</a>
<div class='stack-trace' id='stack-trace14703420'><pre>org.testng.TestNGException: 
method invoke failed:login
	at com.test.keydriver.engine.DefaultExecutor.invoke(DefaultExecutor.java:47)
	at com.test.keydriver.engine.DefaultExecutor.execute(DefaultExecutor.java:32)
	at com.test.page.testcases.LionFundLoginPage_01_Login_Test.loginTest(LionFundLoginPage_01_Login_Test.java:16)
	at sun.reflect.NativeMethodAccessorImpl.invoke0(Native Method)
	at sun.reflect.NativeMethodAccessorImpl.invoke(NativeMethodAccessorImpl.java:57)
	at sun.reflect.DelegatingMethodAccessorImpl.invoke(DelegatingMethodAccessorImpl.java:43)
	at java.lang.reflect.Method.invoke(Method.java:606)
	at org.testng.internal.MethodInvocationHelper.invokeMethod(MethodInvocationHelper.java:85)
	at org.testng.internal.Invoker.invokeMethod(Invoker.java:639)
	at org.testng.internal.Invoker.invokeTestMethod(Invoker.java:816)
	at org.testng.internal.Invoker.invokeTestMethods(Invoker.java:1124)
	at org.testng.internal.TestMethodWorker.invokeTestMethods(TestMethodWorker.java:125)
	at org.testng.internal.TestMethodWorker.run(TestMethodWorker.java:108)
	at org.testng.TestRunner.privateRun(TestRunner.java:774)
	at org.testng.TestRunner.run(TestRunner.java:624)
	at org.testng.SuiteRunner.runTest(SuiteRunner.java:359)
	at org.testng.SuiteRunner.access$000(SuiteRunner.java:39)
	at org.testng.SuiteRunner$SuiteWorker.run(SuiteRunner.java:393)
	at org.testng.internal.thread.ThreadUtil$2.call(ThreadUtil.java:64)
	at java.util.concurrent.FutureTask.run(FutureTask.java:262)
	at java.util.concurrent.ThreadPoolExecutor.runWorker(ThreadPoolExecutor.java:1145)
	at java.util.concurrent.ThreadPoolExecutor$Worker.run(ThreadPoolExecutor.java:615)
	at java.lang.Thread.run(Thread.java:745)
</pre></div></td>
<td>1</td>
<td>com.test.page.testcases.LionFundLoginPage_01_Login_Test@51c603</td></tr>
<tr>
<td title='com.test.page.testcases.LionFundLoginPage_01_Login_Test.loginTest()'><b>loginTest</b><br>Test class: com.test.page.testcases.LionFundLoginPage_01_Login_Test<br>Parameters: {}<br/>
<a href="#Output-21648477" onClick='toggleBox("Output-21648477", this, "Show output", "Hide output");'>Show output</a>

<a href="#Output-21648477" onClick="toggleAllBoxes();">Show all outputs</a>
<div class='log' id="Output-21648477">
screenshot/2016_09_05_11_33_28_loginTest.jpg<br/>
<img src="./screenshot/2016_09_05_11_33_28_loginTest.jpg"/><br/>
</div>
</td>
<td><div><pre>org.testng.TestNGException: 
method invoke failed:login
	at com.test.keydriver.engine.DefaultExecutor.invoke(DefaultExecutor.java:47)
	at com.test.keydriver.engine.DefaultExecutor.execute(DefaultExecutor.java:32)
	at com.test.page.testcases.LionFundLoginPage_01_Login_Test.loginTest(LionFundLoginPage_01_Login_Test.java:16)
	at java.util.concurrent.FutureTask.run(FutureTask.java:262)
	at java.util.concurrent.ThreadPoolExecutor.runWorker(ThreadPoolExecutor.java:1145)
	at java.util.concurrent.ThreadPoolExecutor$Worker.run(ThreadPoolExecutor.java:615)
	at java.lang.Thread.run(Thread.java:745)
... Removed 16 stack frames</pre></div><a href='#' onClick='toggleBox("stack-trace21648477", this, "Click to show all stack frames", "Click to hide stack frames")'>Click to show all stack frames</a>
<div class='stack-trace' id='stack-trace21648477'><pre>org.testng.TestNGException: 
method invoke failed:login
	at com.test.keydriver.engine.DefaultExecutor.invoke(DefaultExecutor.java:47)
	at com.test.keydriver.engine.DefaultExecutor.execute(DefaultExecutor.java:32)
	at com.test.page.testcases.LionFundLoginPage_01_Login_Test.loginTest(LionFundLoginPage_01_Login_Test.java:16)
	at sun.reflect.NativeMethodAccessorImpl.invoke0(Native Method)
	at sun.reflect.NativeMethodAccessorImpl.invoke(NativeMethodAccessorImpl.java:57)
	at sun.reflect.DelegatingMethodAccessorImpl.invoke(DelegatingMethodAccessorImpl.java:43)
	at java.lang.reflect.Method.invoke(Method.java:606)
	at org.testng.internal.MethodInvocationHelper.invokeMethod(MethodInvocationHelper.java:85)
	at org.testng.internal.Invoker.invokeMethod(Invoker.java:639)
	at org.testng.internal.Invoker.invokeTestMethod(Invoker.java:816)
	at org.testng.internal.Invoker.invokeTestMethods(Invoker.java:1124)
	at org.testng.internal.TestMethodWorker.invokeTestMethods(TestMethodWorker.java:125)
	at org.testng.internal.TestMethodWorker.run(TestMethodWorker.java:108)
	at org.testng.TestRunner.privateRun(TestRunner.java:774)
	at org.testng.TestRunner.run(TestRunner.java:624)
	at org.testng.SuiteRunner.runTest(SuiteRunner.java:359)
	at org.testng.SuiteRunner.access$000(SuiteRunner.java:39)
	at org.testng.SuiteRunner$SuiteWorker.run(SuiteRunner.java:393)
	at org.testng.internal.thread.ThreadUtil$2.call(ThreadUtil.java:64)
	at java.util.concurrent.FutureTask.run(FutureTask.java:262)
	at java.util.concurrent.ThreadPoolExecutor.runWorker(ThreadPoolExecutor.java:1145)
	at java.util.concurrent.ThreadPoolExecutor$Worker.run(ThreadPoolExecutor.java:615)
	at java.lang.Thread.run(Thread.java:745)
</pre></div></td>
<td>1</td>
<td>com.test.page.testcases.LionFundLoginPage_01_Login_Test@51c603</td></tr>
<tr>
<td title='com.test.page.testcases.LionFundLoginPage_01_Login_Test.loginTest()'><b>loginTest</b><br>Test class: com.test.page.testcases.LionFundLoginPage_01_Login_Test<br>Parameters: {}<br/>
<a href="#Output-16764271" onClick='toggleBox("Output-16764271", this, "Show output", "Hide output");'>Show output</a>

<a href="#Output-16764271" onClick="toggleAllBoxes();">Show all outputs</a>
<div class='log' id="Output-16764271">
screenshot/2016_09_05_11_33_30_loginTest.jpg<br/>
<img src="./screenshot/2016_09_05_11_33_30_loginTest.jpg"/><br/>
</div>
</td>
<td><div><pre>org.testng.TestNGException: 
method invoke failed:login
	at com.test.keydriver.engine.DefaultExecutor.invoke(DefaultExecutor.java:47)
	at com.test.keydriver.engine.DefaultExecutor.execute(DefaultExecutor.java:32)
	at com.test.page.testcases.LionFundLoginPage_01_Login_Test.loginTest(LionFundLoginPage_01_Login_Test.java:16)
	at java.util.concurrent.FutureTask.run(FutureTask.java:262)
	at java.util.concurrent.ThreadPoolExecutor.runWorker(ThreadPoolExecutor.java:1145)
	at java.util.concurrent.ThreadPoolExecutor$Worker.run(ThreadPoolExecutor.java:615)
	at java.lang.Thread.run(Thread.java:745)
... Removed 16 stack frames</pre></div><a href='#' onClick='toggleBox("stack-trace16764271", this, "Click to show all stack frames", "Click to hide stack frames")'>Click to show all stack frames</a>
<div class='stack-trace' id='stack-trace16764271'><pre>org.testng.TestNGException: 
method invoke failed:login
	at com.test.keydriver.engine.DefaultExecutor.invoke(DefaultExecutor.java:47)
	at com.test.keydriver.engine.DefaultExecutor.execute(DefaultExecutor.java:32)
	at com.test.page.testcases.LionFundLoginPage_01_Login_Test.loginTest(LionFundLoginPage_01_Login_Test.java:16)
	at sun.reflect.NativeMethodAccessorImpl.invoke0(Native Method)
	at sun.reflect.NativeMethodAccessorImpl.invoke(NativeMethodAccessorImpl.java:57)
	at sun.reflect.DelegatingMethodAccessorImpl.invoke(DelegatingMethodAccessorImpl.java:43)
	at java.lang.reflect.Method.invoke(Method.java:606)
	at org.testng.internal.MethodInvocationHelper.invokeMethod(MethodInvocationHelper.java:85)
	at org.testng.internal.Invoker.invokeMethod(Invoker.java:639)
	at org.testng.internal.Invoker.invokeTestMethod(Invoker.java:816)
	at org.testng.internal.Invoker.invokeTestMethods(Invoker.java:1124)
	at org.testng.internal.TestMethodWorker.invokeTestMethods(TestMethodWorker.java:125)
	at org.testng.internal.TestMethodWorker.run(TestMethodWorker.java:108)
	at org.testng.TestRunner.privateRun(TestRunner.java:774)
	at org.testng.TestRunner.run(TestRunner.java:624)
	at org.testng.SuiteRunner.runTest(SuiteRunner.java:359)
	at org.testng.SuiteRunner.access$000(SuiteRunner.java:39)
	at org.testng.SuiteRunner$SuiteWorker.run(SuiteRunner.java:393)
	at org.testng.internal.thread.ThreadUtil$2.call(ThreadUtil.java:64)
	at java.util.concurrent.FutureTask.run(FutureTask.java:262)
	at java.util.concurrent.ThreadPoolExecutor.runWorker(ThreadPoolExecutor.java:1145)
	at java.util.concurrent.ThreadPoolExecutor$Worker.run(ThreadPoolExecutor.java:615)
	at java.lang.Thread.run(Thread.java:745)
</pre></div></td>
<td>1</td>
<td>com.test.page.testcases.LionFundLoginPage_01_Login_Test@51c603</td></tr>
<tr>
<td title='com.test.page.testcases.LionFundLoginPage_01_Login_Test.loginTest()'><b>loginTest</b><br>Test class: com.test.page.testcases.LionFundLoginPage_01_Login_Test<br>Parameters: {}<br/>
<a href="#Output-5843772" onClick='toggleBox("Output-5843772", this, "Show output", "Hide output");'>Show output</a>

<a href="#Output-5843772" onClick="toggleAllBoxes();">Show all outputs</a>
<div class='log' id="Output-5843772">
screenshot/2016_09_05_11_33_32_loginTest.jpg<br/>
<img src="./screenshot/2016_09_05_11_33_32_loginTest.jpg"/><br/>
</div>
</td>
<td><div><pre>org.testng.TestNGException: 
method invoke failed:login
	at com.test.keydriver.engine.DefaultExecutor.invoke(DefaultExecutor.java:47)
	at com.test.keydriver.engine.DefaultExecutor.execute(DefaultExecutor.java:32)
	at com.test.page.testcases.LionFundLoginPage_01_Login_Test.loginTest(LionFundLoginPage_01_Login_Test.java:16)
	at java.util.concurrent.FutureTask.run(FutureTask.java:262)
	at java.util.concurrent.ThreadPoolExecutor.runWorker(ThreadPoolExecutor.java:1145)
	at java.util.concurrent.ThreadPoolExecutor$Worker.run(ThreadPoolExecutor.java:615)
	at java.lang.Thread.run(Thread.java:745)
... Removed 16 stack frames</pre></div><a href='#' onClick='toggleBox("stack-trace5843772", this, "Click to show all stack frames", "Click to hide stack frames")'>Click to show all stack frames</a>
<div class='stack-trace' id='stack-trace5843772'><pre>org.testng.TestNGException: 
method invoke failed:login
	at com.test.keydriver.engine.DefaultExecutor.invoke(DefaultExecutor.java:47)
	at com.test.keydriver.engine.DefaultExecutor.execute(DefaultExecutor.java:32)
	at com.test.page.testcases.LionFundLoginPage_01_Login_Test.loginTest(LionFundLoginPage_01_Login_Test.java:16)
	at sun.reflect.NativeMethodAccessorImpl.invoke0(Native Method)
	at sun.reflect.NativeMethodAccessorImpl.invoke(NativeMethodAccessorImpl.java:57)
	at sun.reflect.DelegatingMethodAccessorImpl.invoke(DelegatingMethodAccessorImpl.java:43)
	at java.lang.reflect.Method.invoke(Method.java:606)
	at org.testng.internal.MethodInvocationHelper.invokeMethod(MethodInvocationHelper.java:85)
	at org.testng.internal.Invoker.invokeMethod(Invoker.java:639)
	at org.testng.internal.Invoker.invokeTestMethod(Invoker.java:816)
	at org.testng.internal.Invoker.invokeTestMethods(Invoker.java:1124)
	at org.testng.internal.TestMethodWorker.invokeTestMethods(TestMethodWorker.java:125)
	at org.testng.internal.TestMethodWorker.run(TestMethodWorker.java:108)
	at org.testng.TestRunner.privateRun(TestRunner.java:774)
	at org.testng.TestRunner.run(TestRunner.java:624)
	at org.testng.SuiteRunner.runTest(SuiteRunner.java:359)
	at org.testng.SuiteRunner.access$000(SuiteRunner.java:39)
	at org.testng.SuiteRunner$SuiteWorker.run(SuiteRunner.java:393)
	at org.testng.internal.thread.ThreadUtil$2.call(ThreadUtil.java:64)
	at java.util.concurrent.FutureTask.run(FutureTask.java:262)
	at java.util.concurrent.ThreadPoolExecutor.runWorker(ThreadPoolExecutor.java:1145)
	at java.util.concurrent.ThreadPoolExecutor$Worker.run(ThreadPoolExecutor.java:615)
	at java.lang.Thread.run(Thread.java:745)
</pre></div></td>
<td>1</td>
<td>com.test.page.testcases.LionFundLoginPage_01_Login_Test@51c603</td></tr>
</table><p>
<table width='100%' border='1' class='invocation-passed'>
<tr><td colspan='4' align='center'><b>PASSED TESTS</b></td></tr>
<tr><td><b>Test method</b></td>
<td width="30%"><b>Exception</b></td>
<td width="10%"><b>Time (seconds)</b></td>
<td><b>Instance</b></td>
</tr>
<tr>
<td title='com.test.page.testcases.LionFundLoginPage_01_Login_Test.loginTest()'><b>loginTest</b><br>Test class: com.test.page.testcases.LionFundLoginPage_01_Login_Test<br>Parameters: {id=18061880762, pwd=123123}</td>
<td></td>
<td>2</td>
<td>com.test.page.testcases.LionFundLoginPage_01_Login_Test@51c603</td></tr>
<tr>
<td title='com.test.page.testcases.LionFundLoginPage_01_Login_Test.loginTest()'><b>loginTest</b><br>Test class: com.test.page.testcases.LionFundLoginPage_01_Login_Test<br>Parameters: {id=13515125900, pwd=123123}</td>
<td></td>
<td>2</td>
<td>com.test.page.testcases.LionFundLoginPage_01_Login_Test@51c603</td></tr>
<tr>
<td title='com.test.page.testcases.LionFundLoginPage_01_Login_Test.loginTest()'><b>loginTest</b><br>Test class: com.test.page.testcases.LionFundLoginPage_01_Login_Test<br>Parameters: {id=13811111111, pwd=123123}</td>
<td></td>
<td>2</td>
<td>com.test.page.testcases.LionFundLoginPage_01_Login_Test@51c603</td></tr>
<tr>
<td title='com.test.page.testcases.LionFundLoginPage_01_Login_Test.loginTest()'><b>loginTest</b><br>Test class: com.test.page.testcases.LionFundLoginPage_01_Login_Test<br>Parameters: {id=15111111111, pwd=123123}</td>
<td></td>
<td>2</td>
<td>com.test.page.testcases.LionFundLoginPage_01_Login_Test@51c603</td></tr>
<tr>
<td title='com.test.page.testcases.LionFundLoginPage_01_Login_Test.loginTest()'><b>loginTest</b><br>Test class: com.test.page.testcases.LionFundLoginPage_01_Login_Test<br>Parameters: {id=15211111111, pwd=123123}</td>
<td></td>
<td>2</td>
<td>com.test.page.testcases.LionFundLoginPage_01_Login_Test@51c603</td></tr>
</table><p>
</body>
</html>